<?xml version="1.0" encoding="UTF-8"?>
<testsuites name="jest tests" tests="1" failures="0" errors="0" time="5.298">
  <testsuite name="src\App.test.js" errors="0" failures="0" skipped="0" timestamp="2025-09-26T21:47:27" time="2.351" tests="1">
    <testcase classname="-renders learn Jenkins link" name="-renders learn Jenkins link" time="0.062">
    </testcase>
  </testsuite>
</testsuites>